Using pre-set license
Built from '2020.3/staging' branch; Version is '2020.3.3f1 (76626098c1c4) revision 7758432'; Using compiler version '192528614'; Build Type 'Release'
OS: 'Windows 10 Home; OS build 19041.1052; Version 2004; 64bit' Language: 'ja' Physical Memory: 16300 MB
BatchMode: 1, IsHumanControllingUs: 0, StartBugReporterOnCrash: 0, Is64bit: 1, IsPro: 0

 COMMAND LINE ARGUMENTS:
C:\Program Files\Unity\Hub\Editor\2020.3.3f1\Editor\Unity.exe
-adb2
-batchMode
-noUpm
-name
AssetImportWorker0
-projectPath
C:/Users/souhe/Desktop/高度情報演習1B/GitHub/Test17/W1_ホーム画面
-logFile
Logs/AssetImportWorker0.log
-srvPort
63195
Successfully changed project path to: C:/Users/souhe/Desktop/高度情報演習1B/GitHub/Test17/W1_ホーム画面
C:/Users/souhe/Desktop/高度情報演習1B/GitHub/Test17/W1_ホーム画面
Using Asset Import Pipeline V2.
Refreshing native plugins compatible for Editor in 31.30 ms, found 1 plugins.
Preloading 0 native plugins for Editor in 0.00 ms.
Initialize engine version: 2020.3.3f1 (76626098c1c4)
[Subsystems] Discovering subsystems at path C:/Program Files/Unity/Hub/Editor/2020.3.3f1/Editor/Data/Resources/UnitySubsystems
[Subsystems] Discovering subsystems at path C:/Users/souhe/Desktop/高度情報演習1B/GitHub/Test17/W1_ホーム画面/Assets
GfxDevice: creating device client; threaded=0
Direct3D:
    Version:  Direct3D 11.0 [level 11.1]
    Renderer: NVIDIA GeForce GTX 1660 Ti (ID=0x2182)
    Vendor:   
    VRAM:     5991 MB
    Driver:   27.21.14.5671
Initialize mono
Mono path[0] = 'C:/Program Files/Unity/Hub/Editor/2020.3.3f1/Editor/Data/Managed'
Mono path[1] = 'C:/Program Files/Unity/Hub/Editor/2020.3.3f1/Editor/Data/MonoBleedingEdge/lib/mono/unityjit'
Mono config path = 'C:/Program Files/Unity/Hub/Editor/2020.3.3f1/Editor/Data/MonoBleedingEdge/etc'
Using monoOptions --debugger-agent=transport=dt_socket,embedding=1,server=y,suspend=n,address=127.0.0.1:56476
Begin MonoManager ReloadAssembly
Registering precompiled unity dll's ...
Register platform support module: C:/Program Files/Unity/Hub/Editor/2020.3.3f1/Editor/Data/PlaybackEngines/WindowsStandaloneSupport/UnityEditor.WindowsStandalone.Extensions.dll
Registered in 0.002422 seconds.
Native extension for WindowsStandalone target not found
Refreshing native plugins compatible for Editor in 30.94 ms, found 1 plugins.
Preloading 0 native plugins for Editor in 0.00 ms.
Invoked RoslynAnalysisRunner static constructor.
RoslynAnalysisRunner will not be running.
RoslynAnalysisRunner has terminated.
Mono: successfully reloaded assembly
- Completed reload, in  1.885 seconds
Platform modules already initialized, skipping
Registering precompiled user dll's ...
Registered in 0.001111 seconds.
Begin MonoManager ReloadAssembly
Native extension for WindowsStandalone target not found
Refreshing native plugins compatible for Editor in 30.57 ms, found 1 plugins.
Preloading 0 native plugins for Editor in 0.00 ms.
Invoked RoslynAnalysisRunner static constructor.
RoslynAnalysisRunner will not be running.
RoslynAnalysisRunner has terminated.
Mono: successfully reloaded assembly
- Completed reload, in  0.804 seconds
Platform modules already initialized, skipping
========================================================================
Worker process is ready to serve import requests
Launched and connected shader compiler UnityShaderCompiler.exe after 0.06 seconds
Refreshing native plugins compatible for Editor in 0.32 ms, found 1 plugins.
Preloading 0 native plugins for Editor in 0.00 ms.
Unloading 1809 Unused Serialized files (Serialized files now loaded: 0)
System memory in use before: 85.6 MB.
System memory in use after: 85.5 MB.

Unloading 24 unused Assets to reduce memory usage. Loaded Objects now: 2253.
Total: 2.262000 ms (FindLiveObjects: 0.177000 ms CreateObjectMapping: 0.065900 ms MarkObjects: 1.902000 ms  DeleteObjects: 0.115900 ms)

========================================================================
Received Import Request.
  path: Assets/Image
  artifactKey: Guid(3af7d1135b369bc44ade1dc0adc05b10) Importer(815301076,1909f56bfc062723c751e8b465ee728b)
Start importing Assets/Image using Guid(3af7d1135b369bc44ade1dc0adc05b10) Importer(815301076,1909f56bfc062723c751e8b465ee728b)  -> (artifact id: '12cf8bd29facfbeb053fe7986674b155') in 0.008547 seconds
  Import took 0.011371 seconds .

========================================================================
Received Import Request.
  Time since last request: 0.049066 seconds.
  path: Assets/_TerrainAutoUpgrade
  artifactKey: Guid(fe4a3fe8a6ed18a45b9af735cf6e6168) Importer(815301076,1909f56bfc062723c751e8b465ee728b)
Start importing Assets/_TerrainAutoUpgrade using Guid(fe4a3fe8a6ed18a45b9af735cf6e6168) Importer(815301076,1909f56bfc062723c751e8b465ee728b)  -> (artifact id: '43a6fc6899e73d145cf03eb44d1ac3b2') in 0.005981 seconds
  Import took 0.008333 seconds .

========================================================================
Received Import Request.
  Time since last request: 0.042586 seconds.
  path: Assets/Scenes/W1_ホーム画面.unity
  artifactKey: Guid(cad8ca94d2b75bf499a1675b63a80268) Importer(815301076,1909f56bfc062723c751e8b465ee728b)
Start importing Assets/Scenes/W1_ホーム画面.unity using Guid(cad8ca94d2b75bf499a1675b63a80268) Importer(815301076,1909f56bfc062723c751e8b465ee728b)  -> (artifact id: 'c35078f3b5d9896cb74799e80d6f460f') in 0.011269 seconds
  Import took 0.013950 seconds .

========================================================================
Received Import Request.
  Time since last request: 0.017498 seconds.
  path: Assets/Script/ChangeScene.cs
  artifactKey: Guid(1c12bdfc9c7833041becd36d2152bade) Importer(815301076,1909f56bfc062723c751e8b465ee728b)
Start importing Assets/Script/ChangeScene.cs using Guid(1c12bdfc9c7833041becd36d2152bade) Importer(815301076,1909f56bfc062723c751e8b465ee728b)  -> (artifact id: 'ca89d5a786b2e586ccbef555feaa2b0a') in 0.036505 seconds
  Import took 0.039104 seconds .

AssetImportWorkerClient::OnTransportError - code=2 error=End of file
